<?xml version="1.0" encoding="UTF-8"?>
<!-- Generated by org.testng.reporters.JUnitReportReporter -->
<testsuite hostname="SANCHITA" failures="0" tests="2" name="com.qa.test.DemoTest" time="0.032" errors="0" timestamp="2022-11-03T00:44:16 IST" skipped="0">
  <testcase classname="com.qa.test.DemoTest" name="sub" time="0.030"/>
  <system-out/>
  <testcase classname="com.qa.test.DemoTest" name="sum" time="0.002"/>
  <system-out/>
</testsuite> <!-- com.qa.test.DemoTest -->
